<?xml version="1.0" encoding="UTF-8"?>
<testng-results skipped="0" failed="0" ignored="0" total="1" passed="1">
  <reporter-output>
  </reporter-output>
  <suite name="Suite" duration-ms="62" started-at="2018-04-16T04:56:14Z" finished-at="2018-04-16T04:56:14Z">
    <groups>
    </groups>
    <test name="Test" duration-ms="62" started-at="2018-04-16T04:56:14Z" finished-at="2018-04-16T04:56:14Z">
      <class name="test.NewTest">
        <test-method status="PASS" signature="validation()[pri:0, instance:test.NewTest@5ba23b66]" name="validation" duration-ms="20" started-at="2018-04-16T10:26:14Z" finished-at="2018-04-16T10:26:14Z">
          <reporter-output>
          </reporter-output>
        </test-method> <!-- validation -->
      </class> <!-- test.NewTest -->
    </test> <!-- Test -->
  </suite> <!-- Suite -->
</testng-results>
