<?xml version="1.0" encoding="UTF-8"?>
<testng-results skipped="0" failed="0" ignored="0" total="1" passed="1">
  <reporter-output>
  </reporter-output>
  <suite name="Default suite" duration-ms="65" started-at="2018-04-13T04:52:01Z" finished-at="2018-04-13T04:52:01Z">
    <groups>
    </groups>
    <test name="Default test" duration-ms="65" started-at="2018-04-13T04:52:01Z" finished-at="2018-04-13T04:52:01Z">
      <class name="test.NewTest">
        <test-method status="PASS" signature="validation()[pri:0, instance:test.NewTest@29ee9faa]" name="validation" duration-ms="21" started-at="2018-04-13T10:22:01Z" finished-at="2018-04-13T10:22:01Z">
          <reporter-output>
          </reporter-output>
        </test-method> <!-- validation -->
      </class> <!-- test.NewTest -->
    </test> <!-- Default test -->
  </suite> <!-- Default suite -->
</testng-results>
